d:\03_workspace\qt_workspace\opengl_no1\opengl_no1\debug\vc120.pdb
d:\03_workspace\qt_workspace\opengl_no1\opengl_no1\debug\opengl_no1.obj
d:\03_workspace\qt_workspace\opengl_no1\opengl_no1\debug\main.obj
d:\03_workspace\qt_workspace\opengl_no1\opengl_no1\debug\moc_opengl_no1.obj
d:\03_workspace\qt_workspace\opengl_no1\opengl_no1\debug\qrc_opengl_no1.obj
d:\03_workspace\qt_workspace\opengl_no1\opengl_no1\generatedfiles\ui_opengl_no1.h
d:\03_workspace\qt_workspace\opengl_no1\opengl_no1\generatedfiles\qrc_opengl_no1.cpp
d:\03_workspace\qt_workspace\opengl_no1\opengl_no1\generatedfiles\debug\moc_opengl_no1.cpp
d:\03_workspace\qt_workspace\opengl_no1\win32\debug\opengl_no1.ilk
d:\03_workspace\qt_workspace\opengl_no1\win32\debug\opengl_no1.exe
d:\03_workspace\qt_workspace\opengl_no1\win32\debug\opengl_no1.pdb
d:\03_workspace\qt_workspace\opengl_no1\opengl_no1\debug\opengl_no1.tlog\cl.command.1.tlog
d:\03_workspace\qt_workspace\opengl_no1\opengl_no1\debug\opengl_no1.tlog\cl.read.1.tlog
d:\03_workspace\qt_workspace\opengl_no1\opengl_no1\debug\opengl_no1.tlog\cl.write.1.tlog
d:\03_workspace\qt_workspace\opengl_no1\opengl_no1\debug\opengl_no1.tlog\custombuild.command.1.tlog
d:\03_workspace\qt_workspace\opengl_no1\opengl_no1\debug\opengl_no1.tlog\custombuild.read.1.tlog
d:\03_workspace\qt_workspace\opengl_no1\opengl_no1\debug\opengl_no1.tlog\custombuild.write.1.tlog
d:\03_workspace\qt_workspace\opengl_no1\opengl_no1\debug\opengl_no1.tlog\link.command.1.tlog
d:\03_workspace\qt_workspace\opengl_no1\opengl_no1\debug\opengl_no1.tlog\link.read.1.tlog
d:\03_workspace\qt_workspace\opengl_no1\opengl_no1\debug\opengl_no1.tlog\link.write.1.tlog
